<?xml version="1.0" encoding="UTF-8"?>
<!-- Generated by org.testng.reporters.JUnitReportReporter -->
<testsuite hostname="DESKTOP-IBP3IHB" failures="0" tests="4" name="TravelataHomePageTest" time="25.072" errors="0" timestamp="26 дек. 2021 19:40:44 GMT" skipped="0">
  <testcase classname="TravelataHomePageTest" name="checkMailingSubscriptionMessageWithCorrectEmail" time="5.713"/>
  <testcase classname="TravelataHomePageTest" name="checkChangingCityCorrectness" time="4.799"/>
  <testcase classname="TravelataHomePageTest" name="searchResultSuitsForParticularAmountOfTourists" time="6.732"/>
  <testcase classname="TravelataHomePageTest" name="checkTheIncorrectLogin" time="7.828"/>
</testsuite> <!-- TravelataHomePageTest -->
