<?xml version="1.0" encoding="UTF-8"?>
<!-- Generated by org.testng.reporters.JUnitReportReporter -->
<testsuite hostname="DESKTOP-IBP3IHB" failures="0" tests="2" name="TravelataRussiaPageTest" time="13.656" errors="0" timestamp="26 дек. 2021 19:48:31 GMT" skipped="0">
  <testcase classname="TravelataRussiaPageTest" name="choosenDirectionEqualsToDispayedDirection" time="4.892"/>
  <testcase classname="TravelataRussiaPageTest" name="filteringTourByDirection" time="8.764"/>
</testsuite> <!-- TravelataRussiaPageTest -->
