<?xml version="1.0" encoding="UTF-8"?>
<!-- Generated by org.testng.reporters.JUnitReportReporter -->
<testsuite hostname="DESKTOP-IBP3IHB" failures="0" tests="4" name="TravelataHomePageTest" time="24.331" errors="0" timestamp="26 дек. 2021 19:28:55 GMT" skipped="0">
  <testcase classname="TravelataHomePageTest" name="checkTheIncorrectLogin" time="6.295"/>
  <testcase classname="TravelataHomePageTest" name="checkChangingCityCorrectness" time="4.911"/>
  <testcase classname="TravelataHomePageTest" name="checkMailingSubscriptionMessageWithCorrectEmail" time="5.543"/>
  <testcase classname="TravelataHomePageTest" name="searchResultSuitsForParticularAmountOfTourists" time="7.582"/>
</testsuite> <!-- TravelataHomePageTest -->
