<?xml version="1.0" encoding="UTF-8"?>
<!-- Generated by org.testng.reporters.JUnitReportReporter -->
<testsuite hostname="DESKTOP-IBP3IHB" failures="0" tests="4" name="TravelataHomePageTest" time="27.340" errors="0" timestamp="26 дек. 2021 18:31:33 GMT" skipped="0">
  <testcase classname="TravelataHomePageTest" name="checkChangingCityCorrectness" time="7.100"/>
  <testcase classname="TravelataHomePageTest" name="checkMailingSubscriptionMessageWithCorrectEmail" time="5.575"/>
  <testcase classname="TravelataHomePageTest" name="checkTheIncorrectLogin" time="7.357"/>
  <testcase classname="TravelataHomePageTest" name="searchResultSuitsForParticularAmountOfTourists" time="7.308"/>
</testsuite> <!-- TravelataHomePageTest -->
