<?xml version="1.0" encoding="UTF-8"?>
<!-- Generated by org.testng.reporters.JUnitReportReporter -->
<testsuite hostname="DESKTOP-IBP3IHB" failures="0" tests="2" name="TravelataRussiaPageTest" time="12.749" errors="0" timestamp="26 дек. 2021 18:31:33 GMT" skipped="0">
  <testcase classname="TravelataRussiaPageTest" name="choosenDirectionEqualsToDispayedDirection" time="4.254"/>
  <testcase classname="TravelataRussiaPageTest" name="filteringTourByDirection" time="8.495"/>
</testsuite> <!-- TravelataRussiaPageTest -->
