<?xml version="1.0" encoding="UTF-8"?>
<!-- Generated by org.testng.reporters.JUnitReportReporter -->
<testsuite hostname="DESKTOP-IBP3IHB" failures="0" tests="1" name="WebDriverTravelataTest" time="7.897" errors="0" timestamp="2021-11-13T21:20:01 MSK" skipped="0">
  <testcase classname="WebDriverTravelataTest" name="SearchResultSuitsForParticularAmountOfTourists" time="7.897"/>
  <system-out/>
</testsuite> <!-- WebDriverTravelataTest -->
