<?xml version="1.0" encoding="UTF-8"?>
<!-- Generated by org.testng.reporters.JUnitReportReporter -->
<testsuite hostname="DESKTOP-IBP3IHB" failures="0" tests="2" name="TravelataSearchPageTest" time="13.942" errors="0" timestamp="26 дек. 2021 19:19:20 GMT" skipped="0">
  <testcase classname="TravelataSearchPageTest" name="checkCorrectFilteringHotelsBySeaLine" time="6.471"/>
  <testcase classname="TravelataSearchPageTest" name="checkCorrectFilteringToursByBestHotelRating" time="7.471"/>
</testsuite> <!-- TravelataSearchPageTest -->
