<?xml version="1.0" encoding="UTF-8"?>
<!-- Generated by org.testng.reporters.JUnitReportReporter -->
<testsuite hostname="DESKTOP-IBP3IHB" failures="0" tests="2" name="TravelataRussiaPageTest" time="44.702" errors="0" timestamp="26 дек. 2021 19:40:44 GMT" skipped="0">
  <testcase classname="TravelataRussiaPageTest" name="filteringTourByDirection" time="9.308"/>
  <testcase classname="TravelataRussiaPageTest" name="choosenDirectionEqualsToDispayedDirection" time="35.394"/>
</testsuite> <!-- TravelataRussiaPageTest -->
