<?xml version="1.0" encoding="UTF-8"?>
<!-- Generated by org.testng.reporters.JUnitReportReporter -->
<testsuite hostname="DESKTOP-IBP3IHB" failures="0" tests="1" name="WebDriverTravelataTest" time="8.621" errors="0" timestamp="25 дек. 2021 18:29:11 GMT" skipped="0">
  <testcase classname="WebDriverTravelataTest" name="SearchResultSuitsForParticularAmountOfTourists" time="8.621"/>
</testsuite> <!-- WebDriverTravelataTest -->
