<?xml version="1.0" encoding="UTF-8"?>
<!-- Generated by org.testng.reporters.JUnitReportReporter -->
<testsuite hostname="DESKTOP-IBP3IHB" failures="0" tests="4" name="TravelataHomePageTest" time="27.654" errors="0" timestamp="26 дек. 2021 17:50:02 GMT" skipped="0">
  <testcase classname="TravelataHomePageTest" name="checkTheIncorrectLogin" time="8.014"/>
  <testcase classname="TravelataHomePageTest" name="searchResultSuitsForParticularAmountOfTourists" time="7.286"/>
  <testcase classname="TravelataHomePageTest" name="checkChangingCityCorrectness" time="6.703"/>
  <testcase classname="TravelataHomePageTest" name="checkMailingSubscriptionMessageWithCorrectEmail" time="5.651"/>
</testsuite> <!-- TravelataHomePageTest -->
