<?xml version="1.0" encoding="UTF-8"?>
<!-- Generated by org.testng.reporters.JUnitReportReporter -->
<testsuite hostname="DESKTOP-IBP3IHB" failures="0" tests="2" name="TravelataRussiaPageTest" time="13.306" errors="0" timestamp="26 дек. 2021 18:49:07 GMT" skipped="0">
  <testcase classname="TravelataRussiaPageTest" name="choosenDirectionEqualsToDispayedDirection" time="5.295"/>
  <testcase classname="TravelataRussiaPageTest" name="filteringTourByDirection" time="8.011"/>
</testsuite> <!-- TravelataRussiaPageTest -->
