<?xml version="1.0" encoding="UTF-8"?>
<!-- Generated by org.testng.reporters.JUnitReportReporter -->
<testsuite hostname="DESKTOP-IBP3IHB" failures="0" tests="2" name="TravelataSearchPageTest" time="12.155" errors="0" timestamp="26 дек. 2021 18:31:33 GMT" skipped="0">
  <testcase classname="TravelataSearchPageTest" name="checkCorrectFilteringHotelsBySeaLine" time="5.972"/>
  <testcase classname="TravelataSearchPageTest" name="checkCorrectFilteringToursByBestHotelRating" time="6.183"/>
</testsuite> <!-- TravelataSearchPageTest -->
