<?xml version="1.0" encoding="UTF-8"?>
<!-- Generated by org.testng.reporters.JUnitReportReporter -->
<testsuite hostname="DESKTOP-IBP3IHB" failures="0" tests="2" name="TravelataSearchPageTest" time="11.943" errors="0" timestamp="26 дек. 2021 17:50:02 GMT" skipped="0">
  <testcase classname="TravelataSearchPageTest" name="checkCorrectFilteringHotelsBySeaLine" time="6.197"/>
  <testcase classname="TravelataSearchPageTest" name="checkCorrectFilteringToursByBestHotelRating" time="5.746"/>
</testsuite> <!-- TravelataSearchPageTest -->
