<?xml version="1.0" encoding="UTF-8"?>
<!-- Generated by org.testng.reporters.JUnitReportReporter -->
<testsuite hostname="DESKTOP-IBP3IHB" failures="0" tests="2" name="TravelataSearchPageTest" time="12.310" errors="0" timestamp="26 дек. 2021 19:40:44 GMT" skipped="0">
  <testcase classname="TravelataSearchPageTest" name="checkCorrectFilteringToursByBestHotelRating" time="5.803"/>
  <testcase classname="TravelataSearchPageTest" name="checkCorrectFilteringHotelsBySeaLine" time="6.507"/>
</testsuite> <!-- TravelataSearchPageTest -->
