<?xml version="1.0" encoding="UTF-8"?>
<!-- Generated by org.testng.reporters.JUnitReportReporter -->
<testsuite hostname="DESKTOP-IBP3IHB" failures="0" tests="2" name="TravelataSearchPageTest" time="12.233" errors="0" timestamp="26 дек. 2021 19:28:55 GMT" skipped="0">
  <testcase classname="TravelataSearchPageTest" name="checkCorrectFilteringToursByBestHotelRating" time="6.003"/>
  <testcase classname="TravelataSearchPageTest" name="checkCorrectFilteringHotelsBySeaLine" time="6.230"/>
</testsuite> <!-- TravelataSearchPageTest -->
