<?xml version="1.0" encoding="UTF-8"?>
<testsuite xmlns:xsi="http://www.w3.org/2001/XMLSchema-instance" xsi:schemaLocation="https://maven.apache.org/surefire/maven-surefire-plugin/xsd/surefire-test-report.xsd" name="WebDriverTravelataTest" time="13.711" tests="1" errors="0" skipped="0" failures="0">
  <properties>
    <property name="idea.version" value="2020.3.2"/>
    <property name="java.runtime.name" value="Java(TM) SE Runtime Environment"/>
    <property name="java.vm.version" value="15.0.2+7-27"/>
    <property name="sun.boot.library.path" value="C:\Program Files\Java\jdk-15.0.2\bin"/>
    <property name="user.country.format" value="BY"/>
    <property name="maven.multiModuleProjectDirectory" value="F:\QA rep\testing-BSU\lab8"/>
    <property name="java.vm.vendor" value="Oracle Corporation"/>
    <property name="java.vendor.url" value="https://java.oracle.com/"/>
    <property name="guice.disable.misplaced.annotation.check" value="true"/>
    <property name="path.separator" value=";"/>
    <property name="java.vm.name" value="Java HotSpot(TM) 64-Bit Server VM"/>
    <property name="sun.os.patch.level" value=""/>
    <property name="user.script" value=""/>
    <property name="user.country" value="RU"/>
    <property name="sun.java.launcher" value="SUN_STANDARD"/>
    <property name="java.vm.specification.name" value="Java Virtual Machine Specification"/>
    <property name="user.dir" value="F:\QA rep\testing-BSU\lab8"/>
    <property name="java.vm.compressedOopsMode" value="Zero based"/>
    <property name="java.runtime.version" value="15.0.2+7-27"/>
    <property name="os.arch" value="amd64"/>
    <property name="java.io.tmpdir" value="C:\Users\egor2\AppData\Local\Temp\"/>
    <property name="line.separator" value="&#10;"/>
    <property name="java.vm.specification.vendor" value="Oracle Corporation"/>
    <property name="user.variant" value=""/>
    <property name="os.name" value="Windows 10"/>
    <property name="maven.ext.class.path" value="C:\Program Files\JetBrains\IntelliJ IDEA 2020.3.2\plugins\maven\lib\maven-event-listener.jar"/>
    <property name="classworlds.conf" value="C:\Program Files\JetBrains\IntelliJ IDEA 2020.3.2\plugins\maven\lib\maven3\bin\m2.conf"/>
    <property name="sun.jnu.encoding" value="Cp1251"/>
    <property name="java.library.path" value="C:\Program Files\Java\jdk-15.0.2\bin;C:\Windows\Sun\Java\bin;C:\Windows\system32;C:\Windows;C:\Program Files (x86)\Microsoft SDKs\Azure\CLI2\wbin;C:\Program Files\Microsoft MPI\Bin\;C:\Windows\system32;C:\Windows;C:\Windows\System32\Wbem;C:\Windows\System32\WindowsPowerShell\v1.0\;C:\Windows\System32\OpenSSH\;C:\Program Files (x86)\NVIDIA Corporation\PhysX\Common;C:\Program Files\NVIDIA Corporation\NVIDIA NvDLISR;C:\Program Files\Git\cmd;C:\Android;C:\Users\egor2\AppData\Local\Programs\Python\Python39\Scripts\;C:\Users\egor2\AppData\Local\Programs\Python\Python39\;C:\Users\egor2\AppData\Local\Microsoft\WindowsApps;C:\Users\egor2\AppData\Local\Programs\Microsoft VS Code\bin;C:\Users\egor2\AppData\Local\Programs\Python\Python39;C:\adb;C:\Strawberry\c\bin;C:\Strawberry\perl\site\bin;C:\Strawberry\perl\bin;C:\Program Files\dotnet\;C:\Gradle\gradle-6.5.1\bin;C:\Program Files\nodejs\;C:\Program Files\MySQL\MySQL Server 8.0\bin;C:\apache-maven-3.8.3\bin;C:\Program Files\Java\jdk-11.0.12\bin;C:\Program Files\Amazon\AWSCLI\bin\;C:\Program Files\MySQL\MySQL Shell 8.0\bin\;C:\Ruby30-x64\bin;C:\Users\egor2\AppData\Local\Programs\Python\Python39\Scripts\;C:\Users\egor2\AppData\Local\Programs\Python\Python39\;C:\Users\egor2\AppData\Local\Microsoft\WindowsApps;C:\Users\egor2\AppData\Local\Programs\Microsoft VS Code\bin;C:\Program Files\Azure Data Studio\bin;C:\Users\egor2\AppData\Local\Programs\Python\Python39;C:\Users\egor2\.dotnet\tools;C:\Users\egor2\AppData\Roaming\npm;C:\Program Files\MySQL\MySQL Server 8.0\bin;C:\webdriver;;."/>
    <property name="maven.conf" value="C:\Program Files\JetBrains\IntelliJ IDEA 2020.3.2\plugins\maven\lib\maven3/conf"/>
    <property name="jdk.debug" value="release"/>
    <property name="java.class.version" value="59.0"/>
    <property name="java.specification.name" value="Java Platform API Specification"/>
    <property name="sun.management.compiler" value="HotSpot 64-Bit Tiered Compilers"/>
    <property name="os.version" value="10.0"/>
    <property name="user.home" value="C:\Users\egor2"/>
    <property name="user.timezone" value="Europe/Minsk"/>
    <property name="file.encoding" value="UTF-8"/>
    <property name="java.specification.version" value="15"/>
    <property name="user.name" value="egor2"/>
    <property name="java.class.path" value="C:\Program Files\JetBrains\IntelliJ IDEA 2020.3.2\plugins\maven\lib\maven3\boot\plexus-classworlds-2.6.0.jar;C:\Program Files\JetBrains\IntelliJ IDEA 2020.3.2\plugins\maven\lib\maven3\boot\plexus-classworlds.license"/>
    <property name="java.vm.specification.version" value="15"/>
    <property name="sun.arch.data.model" value="64"/>
    <property name="sun.java.command" value="org.codehaus.classworlds.Launcher -Didea.version=2020.3.2 install"/>
    <property name="java.home" value="C:\Program Files\Java\jdk-15.0.2"/>
    <property name="user.language" value="ru"/>
    <property name="java.specification.vendor" value="Oracle Corporation"/>
    <property name="java.vm.info" value="mixed mode, sharing"/>
    <property name="java.version" value="15.0.2"/>
    <property name="java.vendor" value="Oracle Corporation"/>
    <property name="maven.home" value="C:\Program Files\JetBrains\IntelliJ IDEA 2020.3.2\plugins\maven\lib\maven3"/>
    <property name="file.separator" value="\"/>
    <property name="java.version.date" value="2021-01-19"/>
    <property name="java.vendor.url.bug" value="https://bugreport.java.com/bugreport/"/>
    <property name="sun.io.unicode.encoding" value="UnicodeLittle"/>
    <property name="sun.cpu.endian" value="little"/>
    <property name="sun.cpu.isalist" value="amd64"/>
  </properties>
  <testcase name="SearchResultSuitsForParticularAmountOfTourists" classname="WebDriverTravelataTest" time="10.939"/>
</testsuite>